<?xml version="1.0" encoding="UTF-8"?>
<testsuite name="StylistTest" tests="6" skipped="0" failures="0" errors="0" timestamp="2015-08-28T17:57:46" hostname="Woof-ThinkPad.local" time="0.169">
  <properties/>
  <testcase name="update_updateStylistInDatabase" classname="StylistTest" time="0.042"/>
  <testcase name="equals_returnsTrueIfStylistsAretheSame" classname="StylistTest" time="0.012"/>
  <testcase name="all_emptyAtFirst" classname="StylistTest" time="0.019"/>
  <testcase name="find_findsStylistInDatabase_true" classname="StylistTest" time="0.029"/>
  <testcase name="save_assignsIdToObject" classname="StylistTest" time="0.029"/>
  <testcase name="delete_deleteStylistInDatabase" classname="StylistTest" time="0.038"/>
  <system-out><![CDATA[]]></system-out>
  <system-err><![CDATA[]]></system-err>
</testsuite>
